[0m15:44:54.905802 [debug] [MainThread]: Sending event: {'category': 'dbt', 'action': 'invocation', 'label': 'start', 'context': [<snowplow_tracker.self_describing_json.SelfDescribingJson object at 0x7f5eb6a39a60>, <snowplow_tracker.self_describing_json.SelfDescribingJson object at 0x7f5eb6f60080>, <snowplow_tracker.self_describing_json.SelfDescribingJson object at 0x7f5eb6d27d40>]}


============================== 15:44:54.911980 | eebd6add-0e80-49fe-af9a-a6a9d21e7b04 ==============================
[0m15:44:54.911980 [info ] [MainThread]: Running with dbt=1.9.4
[0m15:44:54.912575 [debug] [MainThread]: running dbt with arguments {'printer_width': '80', 'indirect_selection': 'eager', 'write_json': 'True', 'log_cache_events': 'False', 'partial_parse': 'True', 'cache_selected_only': 'False', 'warn_error': 'None', 'debug': 'False', 'version_check': 'True', 'log_path': 'logs', 'fail_fast': 'False', 'profiles_dir': '/home/ubuntu/.dbt', 'use_colors': 'True', 'use_experimental_parser': 'False', 'no_print': 'None', 'quiet': 'False', 'empty': 'None', 'warn_error_options': 'WarnErrorOptions(include=[], exclude=[])', 'invocation_command': 'dbt init gainers', 'introspect': 'True', 'log_format': 'default', 'target_path': 'None', 'static_parser': 'True', 'send_anonymous_usage_stats': 'True'}
[0m15:44:54.941913 [warn ] [MainThread]: [ConfigFolderDirectory]: Unable to parse logging event dictionary. Failed to parse dir field: expected string or bytes-like object, got 'PosixPath'.. Dictionary: {'dir': PosixPath('/home/ubuntu/.dbt')}
[0m15:44:54.942382 [info ] [MainThread]: Creating dbt configuration folder at 
[0m15:44:54.943636 [debug] [MainThread]: Starter project path: /home/ubuntu/SP25_DS5111_ycv3fh/env/lib/python3.12/site-packages/dbt/include/starter_project
[0m15:44:54.946083 [info ] [MainThread]: 
Your new dbt project "gainers" was created!

For more information on how to configure the profiles.yml file,
please consult the dbt documentation here:

  https://docs.getdbt.com/docs/configure-your-profile

One more thing:

Need help? Don't hesitate to reach out to us via GitHub issues or on Slack:

  https://community.getdbt.com/

Happy modeling!

[0m15:44:54.947534 [info ] [MainThread]: Setting up your profile.
[0m15:51:10.682033 [info ] [MainThread]: Profile gainers written to /home/ubuntu/.dbt/profiles.yml using target's profile_template.yml and your supplied values. Run 'dbt debug' to validate the connection.
[0m15:51:10.685201 [debug] [MainThread]: Resource report: {"command_name": "init", "command_success": true, "command_wall_clock_time": 375.8367, "process_in_blocks": "76776", "process_kernel_time": 0.193162, "process_mem_max_rss": "159800", "process_out_blocks": "80", "process_user_time": 1.964406}
[0m15:51:10.685631 [debug] [MainThread]: Command `dbt init` succeeded at 15:51:10.685536 after 375.84 seconds
[0m15:51:10.685948 [debug] [MainThread]: Sending event: {'category': 'dbt', 'action': 'invocation', 'label': 'end', 'context': [<snowplow_tracker.self_describing_json.SelfDescribingJson object at 0x7f5eb6215cd0>, <snowplow_tracker.self_describing_json.SelfDescribingJson object at 0x7f5eb681bce0>, <snowplow_tracker.self_describing_json.SelfDescribingJson object at 0x7f5eadd0d190>]}
[0m15:51:10.686298 [debug] [MainThread]: Flushing usage events
[0m15:51:10.700495 [debug] [MainThread]: An error was encountered while trying to flush usage events
